{"contracts/ERC1132.sol":{"l":{},"path":"/Volumes/Dev/Work3/hytechfarm/token/HYPE/contracts/ERC1132.sol","s":{},"b":{},"f":{},"fnMap":{},"statementMap":{},"branchMap":{}},"contracts/HYPE.sol":{"l":{"36":3,"37":3,"38":3,"39":3,"43":0,"47":0,"48":0,"49":0,"50":0,"51":0,"55":0,"56":0,"57":0,"58":0,"59":0,"70":0,"71":0,"72":0,"73":0,"75":0,"76":0,"79":0,"80":0,"82":0,"84":0,"96":0,"97":0,"98":0,"99":0,"101":0,"102":0,"105":0,"106":0,"108":0,"110":0,"121":0,"122":0,"124":0,"125":0,"128":0,"140":0,"141":0,"143":0,"144":0,"147":0,"155":0,"156":0,"158":0,"160":0,"161":0,"164":0,"173":0,"174":0,"176":0,"178":0,"180":0,"189":0,"190":0,"192":0,"193":0,"195":0,"197":0,"206":0,"207":0,"209":0,"210":0,"213":0,"221":0,"222":0,"223":0,"225":0,"226":0,"228":0,"229":0,"230":0,"231":0,"235":0,"236":0,"239":0,"243":0,"244":0,"245":0,"247":0,"248":0,"249":0,"252":0},"path":"/Volumes/Dev/Work3/hytechfarm/token/HYPE/contracts/HYPE.sol","s":{"1":3,"2":3,"3":3,"4":3,"5":0,"6":0,"7":0,"8":0,"9":0,"10":0,"11":0,"12":0,"13":0,"14":0,"15":0,"16":0,"17":0,"18":0,"19":0,"20":0,"21":0,"22":0,"23":0,"24":0,"25":0,"26":0,"27":0,"28":0,"29":0,"30":0,"31":0,"32":0,"33":0,"34":0,"35":0,"36":0,"37":0,"38":0,"39":0,"40":0,"41":0,"42":0,"43":0,"44":0,"45":0,"46":0,"47":0,"48":0,"49":0,"50":0,"51":0,"52":0,"53":0,"54":0,"55":0,"56":0,"57":0,"58":0,"59":0,"60":0,"61":0,"62":0,"63":0,"64":0,"65":0,"66":0,"67":0,"68":0,"69":0,"70":0,"71":0,"72":0,"73":0,"74":0,"75":0,"76":0,"77":0,"78":0,"79":0,"80":0,"81":0,"82":0,"83":0,"84":0,"85":0,"86":0},"b":{"1":[0,0],"2":[0,0],"3":[0,0],"4":[0,0],"5":[0,0],"6":[0,0],"7":[0,0],"8":[0,0],"9":[0,0],"10":[0,0],"11":[0,0],"12":[0,0],"13":[0,0],"14":[0,0],"15":[0,0],"16":[0,0],"17":[0,0],"18":[0,0],"19":[0,0],"20":[0,0],"21":[0,0],"22":[0,0],"23":[0,0],"24":[0,0],"25":[0,0],"26":[0,0],"27":[0,0],"28":[0,0],"29":[0,0]},"f":{"1":3,"2":0,"3":0,"4":0,"5":0,"6":0,"7":0,"8":0,"9":0,"10":0,"11":0,"12":0,"13":0,"14":0},"fnMap":{"1":{"name":"constructor","line":35,"loc":{"start":{"line":35,"column":2},"end":{"line":40,"column":2}}},"2":{"name":"version","line":42,"loc":{"start":{"line":42,"column":2},"end":{"line":44,"column":2}}},"3":{"name":"mint","line":46,"loc":{"start":{"line":46,"column":2},"end":{"line":52,"column":2}}},"4":{"name":"burn","line":54,"loc":{"start":{"line":54,"column":2},"end":{"line":60,"column":2}}},"5":{"name":"lock","line":69,"loc":{"start":{"line":69,"column":2},"end":{"line":85,"column":2}}},"6":{"name":"transferWithLock","line":95,"loc":{"start":{"line":95,"column":2},"end":{"line":111,"column":2}}},"7":{"name":"tokensLocked","line":120,"loc":{"start":{"line":120,"column":2},"end":{"line":129,"column":2}}},"8":{"name":"tokensLockedAtTime","line":139,"loc":{"start":{"line":139,"column":2},"end":{"line":148,"column":2}}},"9":{"name":"totalBalanceOf","line":154,"loc":{"start":{"line":154,"column":2},"end":{"line":165,"column":2}}},"10":{"name":"extendLock","line":172,"loc":{"start":{"line":172,"column":2},"end":{"line":181,"column":2}}},"11":{"name":"increaseLockAmount","line":188,"loc":{"start":{"line":188,"column":2},"end":{"line":198,"column":2}}},"12":{"name":"tokensUnlockable","line":205,"loc":{"start":{"line":205,"column":2},"end":{"line":214,"column":2}}},"13":{"name":"unlock","line":220,"loc":{"start":{"line":220,"column":2},"end":{"line":240,"column":2}}},"14":{"name":"getUnlockableTokens","line":242,"loc":{"start":{"line":242,"column":2},"end":{"line":253,"column":2}}}},"statementMap":{"1":{"start":{"line":36,"column":4},"end":{"line":36,"column":60}},"2":{"start":{"line":37,"column":4},"end":{"line":37,"column":45}},"3":{"start":{"line":38,"column":4},"end":{"line":38,"column":38}},"4":{"start":{"line":39,"column":4},"end":{"line":39,"column":38}},"5":{"start":{"line":43,"column":4},"end":{"line":43,"column":19}},"6":{"start":{"line":47,"column":4},"end":{"line":47,"column":44}},"7":{"start":{"line":48,"column":4},"end":{"line":48,"column":22}},"8":{"start":{"line":49,"column":4},"end":{"line":49,"column":55}},"9":{"start":{"line":50,"column":4},"end":{"line":50,"column":42}},"10":{"start":{"line":51,"column":4},"end":{"line":51,"column":20}},"11":{"start":{"line":55,"column":4},"end":{"line":55,"column":44}},"12":{"start":{"line":56,"column":4},"end":{"line":56,"column":22}},"13":{"start":{"line":57,"column":4},"end":{"line":57,"column":41}},"14":{"start":{"line":58,"column":4},"end":{"line":58,"column":42}},"15":{"start":{"line":59,"column":4},"end":{"line":59,"column":22}},"16":{"start":{"line":70,"column":4},"end":{"line":70,"column":51}},"17":{"start":{"line":71,"column":4},"end":{"line":71,"column":50}},"18":{"start":{"line":72,"column":4},"end":{"line":72,"column":24}},"19":{"start":{"line":73,"column":4},"end":{"line":73,"column":51}},"20":{"start":{"line":75,"column":4},"end":{"line":75,"column":2427}},"21":{"start":{"line":76,"column":6},"end":{"line":76,"column":41}},"22":{"start":{"line":79,"column":4},"end":{"line":79,"column":35}},"23":{"start":{"line":80,"column":4},"end":{"line":80,"column":70}},"24":{"start":{"line":82,"column":4},"end":{"line":82,"column":57}},"25":{"start":{"line":84,"column":4},"end":{"line":84,"column":15}},"26":{"start":{"line":96,"column":4},"end":{"line":96,"column":51}},"27":{"start":{"line":97,"column":4},"end":{"line":97,"column":43}},"28":{"start":{"line":98,"column":4},"end":{"line":98,"column":24}},"29":{"start":{"line":99,"column":4},"end":{"line":99,"column":51}},"30":{"start":{"line":101,"column":4},"end":{"line":101,"column":3350}},"31":{"start":{"line":102,"column":6},"end":{"line":102,"column":34}},"32":{"start":{"line":105,"column":4},"end":{"line":105,"column":35}},"33":{"start":{"line":106,"column":4},"end":{"line":106,"column":63}},"34":{"start":{"line":108,"column":4},"end":{"line":108,"column":50}},"35":{"start":{"line":110,"column":4},"end":{"line":110,"column":15}},"36":{"start":{"line":121,"column":4},"end":{"line":121,"column":51}},"37":{"start":{"line":122,"column":4},"end":{"line":122,"column":20}},"38":{"start":{"line":124,"column":4},"end":{"line":124,"column":4025}},"39":{"start":{"line":125,"column":6},"end":{"line":125,"column":43}},"40":{"start":{"line":128,"column":4},"end":{"line":128,"column":19}},"41":{"start":{"line":140,"column":4},"end":{"line":140,"column":51}},"42":{"start":{"line":141,"column":4},"end":{"line":141,"column":20}},"43":{"start":{"line":143,"column":4},"end":{"line":143,"column":4654}},"44":{"start":{"line":144,"column":6},"end":{"line":144,"column":43}},"45":{"start":{"line":147,"column":4},"end":{"line":147,"column":19}},"46":{"start":{"line":155,"column":4},"end":{"line":155,"column":51}},"47":{"start":{"line":156,"column":4},"end":{"line":156,"column":20}},"48":{"start":{"line":158,"column":4},"end":{"line":158,"column":28}},"49":{"start":{"line":160,"column":4},"end":{"line":160,"column":5125}},"50":{"start":{"line":161,"column":6},"end":{"line":161,"column":67}},"51":{"start":{"line":164,"column":4},"end":{"line":164,"column":19}},"52":{"start":{"line":173,"column":4},"end":{"line":173,"column":51}},"53":{"start":{"line":174,"column":4},"end":{"line":174,"column":49}},"54":{"start":{"line":176,"column":4},"end":{"line":176,"column":89}},"55":{"start":{"line":178,"column":4},"end":{"line":178,"column":110}},"56":{"start":{"line":180,"column":4},"end":{"line":180,"column":15}},"57":{"start":{"line":189,"column":4},"end":{"line":189,"column":51}},"58":{"start":{"line":190,"column":4},"end":{"line":190,"column":49}},"59":{"start":{"line":192,"column":4},"end":{"line":192,"column":35}},"60":{"start":{"line":193,"column":4},"end":{"line":193,"column":87}},"61":{"start":{"line":195,"column":4},"end":{"line":195,"column":110}},"62":{"start":{"line":197,"column":4},"end":{"line":197,"column":15}},"63":{"start":{"line":206,"column":4},"end":{"line":206,"column":51}},"64":{"start":{"line":207,"column":4},"end":{"line":207,"column":20}},"65":{"start":{"line":209,"column":4},"end":{"line":209,"column":6955}},"66":{"start":{"line":210,"column":6},"end":{"line":210,"column":43}},"67":{"start":{"line":213,"column":4},"end":{"line":213,"column":19}},"68":{"start":{"line":221,"column":4},"end":{"line":221,"column":51}},"69":{"start":{"line":222,"column":4},"end":{"line":222,"column":25}},"70":{"start":{"line":223,"column":4},"end":{"line":223,"column":29}},"71":{"start":{"line":225,"column":4},"end":{"line":225,"column":7467}},"72":{"start":{"line":226,"column":6},"end":{"line":226,"column":62}},"73":{"start":{"line":228,"column":6},"end":{"line":228,"column":7596}},"74":{"start":{"line":229,"column":8},"end":{"line":229,"column":63}},"75":{"start":{"line":230,"column":8},"end":{"line":230,"column":53}},"76":{"start":{"line":231,"column":8},"end":{"line":231,"column":61}},"77":{"start":{"line":235,"column":4},"end":{"line":235,"column":7823}},"78":{"start":{"line":236,"column":6},"end":{"line":236,"column":42}},"79":{"start":{"line":239,"column":4},"end":{"line":239,"column":28}},"80":{"start":{"line":243,"column":4},"end":{"line":243,"column":51}},"81":{"start":{"line":244,"column":4},"end":{"line":244,"column":25}},"82":{"start":{"line":245,"column":4},"end":{"line":245,"column":29}},"83":{"start":{"line":247,"column":4},"end":{"line":247,"column":8158}},"84":{"start":{"line":248,"column":6},"end":{"line":248,"column":62}},"85":{"start":{"line":249,"column":6},"end":{"line":249,"column":61}},"86":{"start":{"line":252,"column":4},"end":{"line":252,"column":27}}},"branchMap":{"1":{"line":47,"type":"if","locations":[{"start":{"line":47,"column":4},"end":{"line":47,"column":4}},{"start":{"line":47,"column":4},"end":{"line":47,"column":4}}]},"2":{"line":48,"type":"if","locations":[{"start":{"line":48,"column":4},"end":{"line":48,"column":4}},{"start":{"line":48,"column":4},"end":{"line":48,"column":4}}]},"3":{"line":49,"type":"if","locations":[{"start":{"line":49,"column":4},"end":{"line":49,"column":4}},{"start":{"line":49,"column":4},"end":{"line":49,"column":4}}]},"4":{"line":55,"type":"if","locations":[{"start":{"line":55,"column":4},"end":{"line":55,"column":4}},{"start":{"line":55,"column":4},"end":{"line":55,"column":4}}]},"5":{"line":56,"type":"if","locations":[{"start":{"line":56,"column":4},"end":{"line":56,"column":4}},{"start":{"line":56,"column":4},"end":{"line":56,"column":4}}]},"6":{"line":57,"type":"if","locations":[{"start":{"line":57,"column":4},"end":{"line":57,"column":4}},{"start":{"line":57,"column":4},"end":{"line":57,"column":4}}]},"7":{"line":70,"type":"if","locations":[{"start":{"line":70,"column":4},"end":{"line":70,"column":4}},{"start":{"line":70,"column":4},"end":{"line":70,"column":4}}]},"8":{"line":71,"type":"if","locations":[{"start":{"line":71,"column":4},"end":{"line":71,"column":4}},{"start":{"line":71,"column":4},"end":{"line":71,"column":4}}]},"9":{"line":72,"type":"if","locations":[{"start":{"line":72,"column":4},"end":{"line":72,"column":4}},{"start":{"line":72,"column":4},"end":{"line":72,"column":4}}]},"10":{"line":75,"type":"if","locations":[{"start":{"line":75,"column":4},"end":{"line":75,"column":4}},{"start":{"line":75,"column":4},"end":{"line":75,"column":4}}]},"11":{"line":96,"type":"if","locations":[{"start":{"line":96,"column":4},"end":{"line":96,"column":4}},{"start":{"line":96,"column":4},"end":{"line":96,"column":4}}]},"12":{"line":97,"type":"if","locations":[{"start":{"line":97,"column":4},"end":{"line":97,"column":4}},{"start":{"line":97,"column":4},"end":{"line":97,"column":4}}]},"13":{"line":98,"type":"if","locations":[{"start":{"line":98,"column":4},"end":{"line":98,"column":4}},{"start":{"line":98,"column":4},"end":{"line":98,"column":4}}]},"14":{"line":101,"type":"if","locations":[{"start":{"line":101,"column":4},"end":{"line":101,"column":4}},{"start":{"line":101,"column":4},"end":{"line":101,"column":4}}]},"15":{"line":121,"type":"if","locations":[{"start":{"line":121,"column":4},"end":{"line":121,"column":4}},{"start":{"line":121,"column":4},"end":{"line":121,"column":4}}]},"16":{"line":124,"type":"if","locations":[{"start":{"line":124,"column":4},"end":{"line":124,"column":4}},{"start":{"line":124,"column":4},"end":{"line":124,"column":4}}]},"17":{"line":140,"type":"if","locations":[{"start":{"line":140,"column":4},"end":{"line":140,"column":4}},{"start":{"line":140,"column":4},"end":{"line":140,"column":4}}]},"18":{"line":143,"type":"if","locations":[{"start":{"line":143,"column":4},"end":{"line":143,"column":4}},{"start":{"line":143,"column":4},"end":{"line":143,"column":4}}]},"19":{"line":155,"type":"if","locations":[{"start":{"line":155,"column":4},"end":{"line":155,"column":4}},{"start":{"line":155,"column":4},"end":{"line":155,"column":4}}]},"20":{"line":173,"type":"if","locations":[{"start":{"line":173,"column":4},"end":{"line":173,"column":4}},{"start":{"line":173,"column":4},"end":{"line":173,"column":4}}]},"21":{"line":174,"type":"if","locations":[{"start":{"line":174,"column":4},"end":{"line":174,"column":4}},{"start":{"line":174,"column":4},"end":{"line":174,"column":4}}]},"22":{"line":189,"type":"if","locations":[{"start":{"line":189,"column":4},"end":{"line":189,"column":4}},{"start":{"line":189,"column":4},"end":{"line":189,"column":4}}]},"23":{"line":190,"type":"if","locations":[{"start":{"line":190,"column":4},"end":{"line":190,"column":4}},{"start":{"line":190,"column":4},"end":{"line":190,"column":4}}]},"24":{"line":206,"type":"if","locations":[{"start":{"line":206,"column":4},"end":{"line":206,"column":4}},{"start":{"line":206,"column":4},"end":{"line":206,"column":4}}]},"25":{"line":209,"type":"if","locations":[{"start":{"line":209,"column":4},"end":{"line":209,"column":4}},{"start":{"line":209,"column":4},"end":{"line":209,"column":4}}]},"26":{"line":221,"type":"if","locations":[{"start":{"line":221,"column":4},"end":{"line":221,"column":4}},{"start":{"line":221,"column":4},"end":{"line":221,"column":4}}]},"27":{"line":228,"type":"if","locations":[{"start":{"line":228,"column":6},"end":{"line":228,"column":6}},{"start":{"line":228,"column":6},"end":{"line":228,"column":6}}]},"28":{"line":235,"type":"if","locations":[{"start":{"line":235,"column":4},"end":{"line":235,"column":4}},{"start":{"line":235,"column":4},"end":{"line":235,"column":4}}]},"29":{"line":243,"type":"if","locations":[{"start":{"line":243,"column":4},"end":{"line":243,"column":4}},{"start":{"line":243,"column":4},"end":{"line":243,"column":4}}]}}}}